
Showing logs for build [32mcb-kubecd-bdd-nh-1591032402-mas-vmfbq-1[0m stage [32mfrom-build-pack[0m and container [32mstep-credential-initializer-rt2vs[0m
{"level":"info","ts":1591033297.6812582,"logger":"fallback-logger","caller":"logging/config.go:69","msg":"Fetch GitHub commit ID from kodata failed: open /var/run/ko/refs/heads/0.8.0-ns-support: no such file or directory"}
{"level":"info","ts":1591033297.681891,"logger":"fallback-logger","caller":"creds-init/main.go:40","msg":"Credentials initialized."}

Showing logs for build [32mcb-kubecd-bdd-nh-1591032402-mas-vmfbq-1[0m stage [32mfrom-build-pack[0m and container [32mstep-working-dir-initializer-4ltcf[0m
{"level":"info","ts":1591033299.1604083,"logger":"fallback-logger","caller":"logging/config.go:69","msg":"Fetch GitHub commit ID from kodata failed: open /var/run/ko/HEAD: no such file or directory"}
{"level":"info","ts":1591033299.1638746,"logger":"fallback-logger","caller":"bash/main.go:64","msg":"Successfully executed command \"sh -c mkdir -p /workspace/source\"; output "}

Showing logs for build [32mcb-kubecd-bdd-nh-1591032402-mas-vmfbq-1[0m stage [32mfrom-build-pack[0m and container [32mstep-place-tools[0m

Showing logs for build [32mcb-kubecd-bdd-nh-1591032402-mas-vmfbq-1[0m stage [32mfrom-build-pack[0m and container [32mstep-git-source-cb-kubecd-bdd-nh-1591032402-mas-vmfbq-h5ppv[0m
{"level":"info","ts":1591033335.3942165,"logger":"fallback-logger","caller":"logging/config.go:69","msg":"Fetch GitHub commit ID from kodata failed: open /var/run/ko/refs/heads/0.8.0-ns-support: no such file or directory"}
{"level":"info","ts":1591033336.5144386,"logger":"fallback-logger","caller":"git/git.go:103","msg":"Successfully cloned https://github.com/cb-kubecd/bdd-nh-1591032402.git @ v0.0.1 in path /workspace/source"}

Showing logs for build [32mcb-kubecd-bdd-nh-1591032402-mas-vmfbq-1[0m stage [32mfrom-build-pack[0m and container [32mstep-git-merge[0m
Using SHAs from PULL_REFS=master:81002112677b8b465517aeaec9242cc2b85927f1
WARNING: no SHAs to merge, falling back to initial cloned commit

Showing logs for build [32mcb-kubecd-bdd-nh-1591032402-mas-vmfbq-1[0m stage [32mfrom-build-pack[0m and container [32mstep-setup-jx-git-credentials[0m
Generated Git credentials file /workspace/xdg_config/git/credentials

Showing logs for build [32mcb-kubecd-bdd-nh-1591032402-mas-vmfbq-1[0m stage [32mfrom-build-pack[0m and container [32mstep-build-npmrc[0m
WARNING: failed to find Secret npm-token in namespace **

Showing logs for build [32mcb-kubecd-bdd-nh-1591032402-mas-vmfbq-1[0m stage [32mfrom-build-pack[0m and container [32mstep-build-npm-install[0m
npm notice created a lockfile as package-lock.json. You should commit this file.
npm WARN REPLACE_ME@1.0.0 No repository field.
npm WARN REPLACE_ME@1.0.0 No license field.

up to date in 0.926s
found 0 vulnerabilities


Showing logs for build [32mcb-kubecd-bdd-nh-1591032402-mas-vmfbq-1[0m stage [32mfrom-build-pack[0m and container [32mstep-build-npm-test[0m

> REPLACE_ME@1.0.0 test /workspace/source
> echo "no test specified" && exit 0

no test specified

Showing logs for build [32mcb-kubecd-bdd-nh-1591032402-mas-vmfbq-1[0m stage [32mfrom-build-pack[0m and container [32mstep-build-container-build[0m
E0601 17:42:24.021128       9 aws_credentials.go:77] while getting AWS credentials NoCredentialProviders: no valid providers in chain. Deprecated.
	For verbose messaging see aws.Config.CredentialsChainVerboseErrors
[36mINFO[0m[0001] Using dockerignore file: /workspace/source/.dockerignore 
[36mINFO[0m[0001] Retrieving image manifest node:9-slim        
E0601 17:42:24.477263       9 metadata.go:154] while reading 'google-dockercfg' metadata: http status code: 404 while fetching url http://metadata.google.internal./computeMetadata/v1/instance/attributes/google-dockercfg
E0601 17:42:24.480746       9 metadata.go:166] while reading 'google-dockercfg-url' metadata: http status code: 404 while fetching url http://metadata.google.internal./computeMetadata/v1/instance/attributes/google-dockercfg-url
[36mINFO[0m[0002] Retrieving image manifest node:9-slim        
[36mINFO[0m[0003] Built cross stage deps: map[]                
[36mINFO[0m[0003] Retrieving image manifest node:9-slim        
[36mINFO[0m[0004] Retrieving image manifest node:9-slim        
[36mINFO[0m[0005] Executing 0 build triggers                   
[36mINFO[0m[0005] cmd: EXPOSE                                  
[36mINFO[0m[0005] Adding exposed port: 8080/tcp                
[36mINFO[0m[0005] Checking for cached layer gcr.io/jenkins-x-bdd3/cache:f95e4b80a0d27260e68791420b881492073681afaba60928b8e9d66d829eb578... 
[36mINFO[0m[0006] No cached layer found for cmd COPY . .       
[36mINFO[0m[0006] Unpacking rootfs as cmd COPY . . requires it. 
[36mINFO[0m[0012] ENV PORT 8080                                
[36mINFO[0m[0012] No files changed in this command, skipping snapshotting. 
[36mINFO[0m[0012] EXPOSE 8080                                  
[36mINFO[0m[0012] cmd: EXPOSE                                  
[36mINFO[0m[0012] Adding exposed port: 8080/tcp                
[36mINFO[0m[0012] No files changed in this command, skipping snapshotting. 
[36mINFO[0m[0012] WORKDIR /usr/src/app                         
[36mINFO[0m[0012] cmd: workdir                                 
[36mINFO[0m[0012] Changed working directory to /usr/src/app    
[36mINFO[0m[0012] Creating directory /usr/src/app              
[36mINFO[0m[0012] Resolving 1 paths                            
[36mINFO[0m[0012] Taking snapshot of files...                  
[36mINFO[0m[0012] COPY . .                                     
[36mINFO[0m[0012] Resolving 130 paths                          
[36mINFO[0m[0013] Taking snapshot of files...                  
[36mINFO[0m[0013] CMD ["npm", "start"]                         
[36mINFO[0m[0013] No files changed in this command, skipping snapshotting. 
[36mINFO[0m[0013] Pushing layer gcr.io/jenkins-x-bdd3/cache:f95e4b80a0d27260e68791420b881492073681afaba60928b8e9d66d829eb578 to cache now 

Showing logs for build [32mcb-kubecd-bdd-nh-1591032402-mas-vmfbq-1[0m stage [32mfrom-build-pack[0m and container [32mstep-build-post-build[0m
no CVE provider running in the current ** namespace so skip adding image to be analysed

Showing logs for build [32mcb-kubecd-bdd-nh-1591032402-mas-vmfbq-1[0m stage [32mfrom-build-pack[0m and container [32mstep-promote-changelog[0m
Converted /workspace/source/charts/bdd-nh-1591032402 to an unshallow repository
Generating change log from git ref 1f8fc9d29b2c7cf28d303317f755120bc8243a63 => 988a29dcc7a3afd5c6caeead8af1b18ce95f8314
Associating user x-0 in users.jenkins.io with email c**d-bot@cloudbees.com to git GitProvider user with login -0 as emails match
Adding label jenkins.io/git-github-userid=-0 to user x-0 in users.jenkins.io
WARNING: Failed to enrich commit 81002112677b8b465517aeaec9242cc2b85927f1 with issues: User.jenkins.io "x-0" is invalid: metadata.labels: Invalid value: "-0": a valid label must be an empty string or consist of alphanumeric characters, '-', '_' or '.', and must start and end with an alphanumeric character (e.g. 'MyValue',  or 'my_value',  or '12345', regex used for validation is '(([A-Za-z0-9][-A-Za-z0-9_.]*)?[A-Za-z0-9])?')
Finding issues in commit messages using git format
WARNING: No release found for cb-kubecd/bdd-nh-1591032402 and tag v0.0.1 so creating a new release
Updated the release information at https://github.com/cb-kubecd/bdd-nh-1591032402/releases/tag/v0.0.1
generated: /workspace/source/charts/bdd-nh-1591032402/templates/release.yaml
Created Release bdd-nh-1591032402-0-0-1 resource in namespace **
Updating PipelineActivity cb-kubecd-bdd-nh-1591032402-master-1 with version 0.0.1
Updated PipelineActivities cb-kubecd-bdd-nh-1591032402-master-1 with release notes URL: https://github.com/cb-kubecd/bdd-nh-1591032402/releases/tag/v0.0.1

Showing logs for build [32mcb-kubecd-bdd-nh-1591032402-mas-vmfbq-1[0m stage [32mfrom-build-pack[0m and container [32mstep-promote-helm-release[0m
WARNING: No $CHART_REPOSITORY defined so using the default value of: http://jenkins-x-chartmuseum:8080
Adding missing Helm repo: storage.googleapis.com https://storage.googleapis.com/chartmuseum.jenkins-x.io
WARNING: No secrets found on "helm/repos" due: reading the secret "helm/repos" from vault: no secret "helm/repos" not found in vault
Read credentials for https://storage.googleapis.com/chartmuseum.jenkins-x.io from vault helm/repos
Successfully added Helm repository storage.googleapis.com.
Adding missing Helm repo: jenkins-x-chartmuseum http://jenkins-x-chartmuseum:8080
WARNING: No secrets found on "helm/repos" due: reading the secret "helm/repos" from vault: no secret "helm/repos" not found in vault
Read credentials for http://jenkins-x-chartmuseum:8080 from vault helm/repos
Successfully added Helm repository jenkins-x-chartmuseum.
WARNING: No $CHART_REPOSITORY defined so using the default value of: http://jenkins-x-chartmuseum:8080
Uploading chart file bdd-nh-1591032402-0.0.1.tgz to http://jenkins-x-chartmuseum:8080/api/charts
Received 201 response: {"saved":true}

Showing logs for build [32mcb-kubecd-bdd-nh-1591032402-mas-vmfbq-1[0m stage [32mfrom-build-pack[0m and container [32mstep-promote-jx-promote[0m
WARNING: prow based install so skip waiting for the merge of Pull Requests to go green as currently there is an issue with gettingstatuses from the PR, see https://github.com/jenkins-x/**/issues/2410
WARNING: No $CHART_REPOSITORY defined so using the default value of: http://jenkins-x-chartmuseum:8080
Promoting app bdd-nh-1591032402 version 0.0.1 to namespace **-staging
WARNING: Waiting for the fork of c**d-bot-test/environment-pr-1511-25-bdd-frontend-staging to appear...
Forked Git repository to https://github.com/c**d-bot-test/environment-pr-1511-25-bdd-frontend-staging
Created Pull Request: https://github.com/cb-kubecd/environment-pr-1511-25-bdd-frontend-staging/pull/1
Added label updatebot to Pull Request https://github.com/cb-kubecd/environment-pr-1511-25-bdd-frontend-staging/pull/1
got git provider status pending from PR https://github.com/cb-kubecd/environment-pr-1511-25-bdd-frontend-staging/pull/1
got git provider status pending from PR https://github.com/cb-kubecd/environment-pr-1511-25-bdd-frontend-staging/pull/1
got git provider status pending from PR https://github.com/cb-kubecd/environment-pr-1511-25-bdd-frontend-staging/pull/1
got git provider status pending from PR https://github.com/cb-kubecd/environment-pr-1511-25-bdd-frontend-staging/pull/1
Pull Request https://github.com/cb-kubecd/environment-pr-1511-25-bdd-frontend-staging/pull/1 is merged at sha a5215e34b985997137e366db053bd6ab007f6d81
Pull Request merged but we are not waiting for the update pipeline to complete!
WARNING: Could not find the service URL in namespace **-staging for names bdd-nh-1591032402, **-bdd-nh-1591032402, **-staging-bdd-nh-1591032402
